# JRE version: Java(TM) SE Runtime Environment (8.0_181-b13) (build 1.8.0_181-b13)
# Java VM: Java HotSpot(TM) 64-Bit Server VM (25.181-b13 mixed mode windows-amd64 compressed oops)
Heap:
 PSYoungGen      total 272384K, used 117194K [0x00000000d5b80000, 0x00000000e8600000, 0x0000000100000000)
  eden space 260096K, 40% used [0x00000000d5b80000,0x00000000dc1f6560,0x00000000e5980000)
  from space 12288K, 99% used [0x00000000e7a00000,0x00000000e85fc4b0,0x00000000e8600000)
  to   space 14848K, 0% used [0x00000000e6900000,0x00000000e6900000,0x00000000e7780000)
 ParOldGen       total 77312K, used 17275K [0x0000000081200000, 0x0000000085d80000, 0x00000000d5b80000)
  object space 77312K, 22% used [0x0000000081200000,0x00000000822deee0,0x0000000085d80000)
 Metaspace       used 51444K, capacity 54030K, committed 54104K, reserved 1095680K
  class space    used 7012K, capacity 7509K, committed 7552K, reserved 1048576K
GC Heap History (10 events):
Event: 10.365 GC heap before
{Heap before GC invocations=8 (full 1):
 PSYoungGen      total 118272K, used 117908K [0x00000000d5b80000, 0x00000000de780000, 0x0000000100000000)
  eden space 115712K, 100% used [0x00000000d5b80000,0x00000000dcc80000,0x00000000dcc80000)
  from space 2560K, 85% used [0x00000000de500000,0x00000000de725360,0x00000000de780000)
  to   space 8192K, 0% used [0x00000000dd780000,0x00000000dd780000,0x00000000ddf80000)
 ParOldGen       total 51200K, used 5717K [0x0000000081200000, 0x0000000084400000, 0x00000000d5b80000)
  object space 51200K, 11% used [0x0000000081200000,0x0000000081795660,0x0000000084400000)
 Metaspace       used 24610K, capacity 25642K, committed 25856K, reserved 1071104K
  class space    used 3056K, capacity 3307K, committed 3328K, reserved 1048576K
Event: 10.379 GC heap after
Heap after GC invocations=8 (full 1):
 PSYoungGen      total 135168K, used 6898K [0x00000000d5b80000, 0x00000000e2c00000, 0x0000000100000000)
  eden space 126976K, 0% used [0x00000000d5b80000,0x00000000d5b80000,0x00000000dd780000)
  from space 8192K, 84% used [0x00000000dd780000,0x00000000dde3c808,0x00000000ddf80000)
  to   space 8704K, 0% used [0x00000000e2380000,0x00000000e2380000,0x00000000e2c00000)
 ParOldGen       total 51200K, used 5717K [0x0000000081200000, 0x0000000084400000, 0x00000000d5b80000)
  object space 51200K, 11% used [0x0000000081200000,0x0000000081795660,0x0000000084400000)
 Metaspace       used 24610K, capacity 25642K, committed 25856K, reserved 1071104K
  class space    used 3056K, capacity 3307K, committed 3328K, reserved 1048576K
}
Event: 13.271 GC heap before
{Heap before GC invocations=9 (full 1):
 PSYoungGen      total 135168K, used 133874K [0x00000000d5b80000, 0x00000000e2c00000, 0x0000000100000000)
  eden space 126976K, 100% used [0x00000000d5b80000,0x00000000dd780000,0x00000000dd780000)
  from space 8192K, 84% used [0x00000000dd780000,0x00000000dde3c808,0x00000000ddf80000)
  to   space 8704K, 0% used [0x00000000e2380000,0x00000000e2380000,0x00000000e2c00000)
 ParOldGen       total 51200K, used 5717K [0x0000000081200000, 0x0000000084400000, 0x00000000d5b80000)
  object space 51200K, 11% used [0x0000000081200000,0x0000000081795660,0x0000000084400000)
 Metaspace       used 31344K, capacity 32998K, committed 33280K, reserved 1079296K
  class space    used 3984K, capacity 4303K, committed 4352K, reserved 1048576K
Event: 13.295 GC heap after
Heap after GC invocations=9 (full 1):
 PSYoungGen      total 201728K, used 8685K [0x00000000d5b80000, 0x00000000e4180000, 0x0000000100000000)
  eden space 193024K, 0% used [0x00000000d5b80000,0x00000000d5b80000,0x00000000e1800000)
  from space 8704K, 99% used [0x00000000e2380000,0x00000000e2bfb5c0,0x00000000e2c00000)
  to   space 11776K, 0% used [0x00000000e1800000,0x00000000e1800000,0x00000000e2380000)
 ParOldGen       total 51200K, used 9950K [0x0000000081200000, 0x0000000084400000, 0x00000000d5b80000)
  object space 51200K, 19% used [0x0000000081200000,0x0000000081bb78e0,0x0000000084400000)
 Metaspace       used 31344K, capacity 32998K, committed 33280K, reserved 1079296K
  class space    used 3984K, capacity 4303K, committed 4352K, reserved 1048576K
}
Event: 13.810 GC heap before
{Heap before GC invocations=10 (full 1):
 PSYoungGen      total 201728K, used 79183K [0x00000000d5b80000, 0x00000000e4180000, 0x0000000100000000)
  eden space 193024K, 36% used [0x00000000d5b80000,0x00000000da058668,0x00000000e1800000)
  from space 8704K, 99% used [0x00000000e2380000,0x00000000e2bfb5c0,0x00000000e2c00000)
  to   space 11776K, 0% used [0x00000000e1800000,0x00000000e1800000,0x00000000e2380000)
 ParOldGen       total 51200K, used 9950K [0x0000000081200000, 0x0000000084400000, 0x00000000d5b80000)
  object space 51200K, 19% used [0x0000000081200000,0x0000000081bb78e0,0x0000000084400000)
 Metaspace       used 33548K, capacity 35314K, committed 35416K, reserved 1079296K
  class space    used 4317K, capacity 4649K, committed 4736K, reserved 1048576K
Event: 13.830 GC heap after
Heap after GC invocations=10 (full 1):
 PSYoungGen      total 204800K, used 9635K [0x00000000d5b80000, 0x00000000e8600000, 0x0000000100000000)
  eden space 193024K, 0% used [0x00000000d5b80000,0x00000000d5b80000,0x00000000e1800000)
  from space 11776K, 81% used [0x00000000e1800000,0x00000000e2168df0,0x00000000e2380000)
  to   space 12288K, 0% used [0x00000000e7a00000,0x00000000e7a00000,0x00000000e8600000)
 ParOldGen       total 51200K, used 10317K [0x0000000081200000, 0x0000000084400000, 0x00000000d5b80000)
  object space 51200K, 20% used [0x0000000081200000,0x0000000081c13448,0x0000000084400000)
 Metaspace       used 33548K, capacity 35314K, committed 35416K, reserved 1079296K
  class space    used 4317K, capacity 4649K, committed 4736K, reserved 1048576K
}
Event: 13.830 GC heap before
{Heap before GC invocations=11 (full 2):
 PSYoungGen      total 204800K, used 9635K [0x00000000d5b80000, 0x00000000e8600000, 0x0000000100000000)
  eden space 193024K, 0% used [0x00000000d5b80000,0x00000000d5b80000,0x00000000e1800000)
  from space 11776K, 81% used [0x00000000e1800000,0x00000000e2168df0,0x00000000e2380000)
  to   space 12288K, 0% used [0x00000000e7a00000,0x00000000e7a00000,0x00000000e8600000)
 ParOldGen       total 51200K, used 10317K [0x0000000081200000, 0x0000000084400000, 0x00000000d5b80000)
  object space 51200K, 20% used [0x0000000081200000,0x0000000081c13448,0x0000000084400000)
 Metaspace       used 33548K, capacity 35314K, committed 35416K, reserved 1079296K
  class space    used 4317K, capacity 4649K, committed 4736K, reserved 1048576K
Event: 13.956 GC heap after
Heap after GC invocations=11 (full 2):
 PSYoungGen      total 204800K, used 0K [0x00000000d5b80000, 0x00000000e8600000, 0x0000000100000000)
  eden space 193024K, 0% used [0x00000000d5b80000,0x00000000d5b80000,0x00000000e1800000)
  from space 11776K, 0% used [0x00000000e1800000,0x00000000e1800000,0x00000000e2380000)
  to   space 12288K, 0% used [0x00000000e7a00000,0x00000000e7a00000,0x00000000e8600000)
 ParOldGen       total 77312K, used 14310K [0x0000000081200000, 0x0000000085d80000, 0x00000000d5b80000)
  object space 77312K, 18% used [0x0000000081200000,0x0000000081ff9b40,0x0000000085d80000)
 Metaspace       used 33548K, capacity 35314K, committed 35416K, reserved 1079296K
  class space    used 4317K, capacity 4649K, committed 4736K, reserved 1048576K
}
Event: 18.680 GC heap before
{Heap before GC invocations=12 (full 2):
 PSYoungGen      total 204800K, used 193024K [0x00000000d5b80000, 0x00000000e8600000, 0x0000000100000000)
  eden space 193024K, 100% used [0x00000000d5b80000,0x00000000e1800000,0x00000000e1800000)
  from space 11776K, 0% used [0x00000000e1800000,0x00000000e1800000,0x00000000e2380000)
  to   space 12288K, 0% used [0x00000000e7a00000,0x00000000e7a00000,0x00000000e8600000)
 ParOldGen       total 77312K, used 14310K [0x0000000081200000, 0x0000000085d80000, 0x00000000d5b80000)
  object space 77312K, 18% used [0x0000000081200000,0x0000000081ff9b40,0x0000000085d80000)
 Metaspace       used 43503K, capacity 45784K, committed 46040K, reserved 1089536K
  class space    used 5903K, capacity 6324K, committed 6400K, reserved 1048576K
Event: 18.702 GC heap after
Heap after GC invocations=12 (full 2):
 PSYoungGen      total 272384K, used 12273K [0x00000000d5b80000, 0x00000000e8600000, 0x0000000100000000)
  eden space 260096K, 0% used [0x00000000d5b80000,0x00000000d5b80000,0x00000000e5980000)
  from space 12288K, 99% used [0x00000000e7a00000,0x00000000e85fc4b0,0x00000000e8600000)
  to   space 14848K, 0% used [0x00000000e6900000,0x00000000e6900000,0x00000000e7780000)
 ParOldGen       total 77312K, used 17275K [0x0000000081200000, 0x0000000085d80000, 0x00000000d5b80000)
  object space 77312K, 22% used [0x0000000081200000,0x00000000822deee0,0x0000000085d80000)
 Metaspace       used 43503K, capacity 45784K, committed 46040K, reserved 1089536K
  class space    used 5903K, capacity 6324K, committed 6400K, reserved 1048576K
}

