# JRE version: Java(TM) SE Runtime Environment (8.0_181-b13) (build 1.8.0_181-b13)
# Java VM: Java HotSpot(TM) 64-Bit Server VM (25.181-b13 mixed mode windows-amd64 compressed oops)
Heap:
 PSYoungGen      total 258560K, used 109286K [0x00000000d5b80000, 0x00000000e7700000, 0x0000000100000000)
  eden space 246272K, 39% used [0x00000000d5b80000,0x00000000dba3a370,0x00000000e4c00000)
  from space 12288K, 99% used [0x00000000e6b00000,0x00000000e76ff6a8,0x00000000e7700000)
  to   space 14848K, 0% used [0x00000000e5a00000,0x00000000e5a00000,0x00000000e6880000)
 ParOldGen       total 79360K, used 17369K [0x0000000081200000, 0x0000000085f80000, 0x00000000d5b80000)
  object space 79360K, 21% used [0x0000000081200000,0x00000000822f67e0,0x0000000085f80000)
 Metaspace       used 51471K, capacity 54034K, committed 54104K, reserved 1095680K
  class space    used 7012K, capacity 7509K, committed 7552K, reserved 1048576K
GC Heap History (10 events):
Event: 10.397 GC heap before
{Heap before GC invocations=8 (full 1):
 PSYoungGen      total 116736K, used 116371K [0x00000000d5b80000, 0x00000000de780000, 0x0000000100000000)
  eden space 114176K, 100% used [0x00000000d5b80000,0x00000000dcb00000,0x00000000dcb00000)
  from space 2560K, 85% used [0x00000000de500000,0x00000000de724d08,0x00000000de780000)
  to   space 8192K, 0% used [0x00000000dd780000,0x00000000dd780000,0x00000000ddf80000)
 ParOldGen       total 51200K, used 5748K [0x0000000081200000, 0x0000000084400000, 0x00000000d5b80000)
  object space 51200K, 11% used [0x0000000081200000,0x000000008179d1b8,0x0000000084400000)
 Metaspace       used 24417K, capacity 25466K, committed 25600K, reserved 1071104K
  class space    used 3032K, capacity 3273K, committed 3328K, reserved 1048576K
Event: 10.407 GC heap after
Heap after GC invocations=8 (full 1):
 PSYoungGen      total 135168K, used 6646K [0x00000000d5b80000, 0x00000000e2580000, 0x0000000100000000)
  eden space 126976K, 0% used [0x00000000d5b80000,0x00000000d5b80000,0x00000000dd780000)
  from space 8192K, 81% used [0x00000000dd780000,0x00000000dddfdbe0,0x00000000ddf80000)
  to   space 8704K, 0% used [0x00000000e1d00000,0x00000000e1d00000,0x00000000e2580000)
 ParOldGen       total 51200K, used 5756K [0x0000000081200000, 0x0000000084400000, 0x00000000d5b80000)
  object space 51200K, 11% used [0x0000000081200000,0x000000008179f1b8,0x0000000084400000)
 Metaspace       used 24417K, capacity 25466K, committed 25600K, reserved 1071104K
  class space    used 3032K, capacity 3273K, committed 3328K, reserved 1048576K
}
Event: 12.963 GC heap before
{Heap before GC invocations=9 (full 1):
 PSYoungGen      total 135168K, used 133622K [0x00000000d5b80000, 0x00000000e2580000, 0x0000000100000000)
  eden space 126976K, 100% used [0x00000000d5b80000,0x00000000dd780000,0x00000000dd780000)
  from space 8192K, 81% used [0x00000000dd780000,0x00000000dddfdbe0,0x00000000ddf80000)
  to   space 8704K, 0% used [0x00000000e1d00000,0x00000000e1d00000,0x00000000e2580000)
 ParOldGen       total 51200K, used 5756K [0x0000000081200000, 0x0000000084400000, 0x00000000d5b80000)
  object space 51200K, 11% used [0x0000000081200000,0x000000008179f1b8,0x0000000084400000)
 Metaspace       used 31296K, capacity 32898K, committed 33024K, reserved 1077248K
  class space    used 3980K, capacity 4271K, committed 4352K, reserved 1048576K
Event: 12.981 GC heap after
Heap after GC invocations=9 (full 1):
 PSYoungGen      total 195584K, used 8701K [0x00000000d5b80000, 0x00000000e3c80000, 0x0000000100000000)
  eden space 186880K, 0% used [0x00000000d5b80000,0x00000000d5b80000,0x00000000e1200000)
  from space 8704K, 99% used [0x00000000e1d00000,0x00000000e257f500,0x00000000e2580000)
  to   space 11264K, 0% used [0x00000000e1200000,0x00000000e1200000,0x00000000e1d00000)
 ParOldGen       total 51200K, used 10105K [0x0000000081200000, 0x0000000084400000, 0x00000000d5b80000)
  object space 51200K, 19% used [0x0000000081200000,0x0000000081bde6d8,0x0000000084400000)
 Metaspace       used 31296K, capacity 32898K, committed 33024K, reserved 1077248K
  class space    used 3980K, capacity 4271K, committed 4352K, reserved 1048576K
}
Event: 13.711 GC heap before
{Heap before GC invocations=10 (full 1):
 PSYoungGen      total 195584K, used 86390K [0x00000000d5b80000, 0x00000000e3c80000, 0x0000000100000000)
  eden space 186880K, 41% used [0x00000000d5b80000,0x00000000da75e3e0,0x00000000e1200000)
  from space 8704K, 99% used [0x00000000e1d00000,0x00000000e257f500,0x00000000e2580000)
  to   space 11264K, 0% used [0x00000000e1200000,0x00000000e1200000,0x00000000e1d00000)
 ParOldGen       total 51200K, used 10105K [0x0000000081200000, 0x0000000084400000, 0x00000000d5b80000)
  object space 51200K, 19% used [0x0000000081200000,0x0000000081bde6d8,0x0000000084400000)
 Metaspace       used 33588K, capacity 35316K, committed 35416K, reserved 1079296K
  class space    used 4322K, capacity 4650K, committed 4736K, reserved 1048576K
Event: 13.730 GC heap after
Heap after GC invocations=10 (full 1):
 PSYoungGen      total 198144K, used 9910K [0x00000000d5b80000, 0x00000000e7700000, 0x0000000100000000)
  eden space 186880K, 0% used [0x00000000d5b80000,0x00000000d5b80000,0x00000000e1200000)
  from space 11264K, 87% used [0x00000000e1200000,0x00000000e1bada00,0x00000000e1d00000)
  to   space 12288K, 0% used [0x00000000e6b00000,0x00000000e6b00000,0x00000000e7700000)
 ParOldGen       total 51200K, used 10465K [0x0000000081200000, 0x0000000084400000, 0x00000000d5b80000)
  object space 51200K, 20% used [0x0000000081200000,0x0000000081c386d8,0x0000000084400000)
 Metaspace       used 33588K, capacity 35316K, committed 35416K, reserved 1079296K
  class space    used 4322K, capacity 4650K, committed 4736K, reserved 1048576K
}
Event: 13.730 GC heap before
{Heap before GC invocations=11 (full 2):
 PSYoungGen      total 198144K, used 9910K [0x00000000d5b80000, 0x00000000e7700000, 0x0000000100000000)
  eden space 186880K, 0% used [0x00000000d5b80000,0x00000000d5b80000,0x00000000e1200000)
  from space 11264K, 87% used [0x00000000e1200000,0x00000000e1bada00,0x00000000e1d00000)
  to   space 12288K, 0% used [0x00000000e6b00000,0x00000000e6b00000,0x00000000e7700000)
 ParOldGen       total 51200K, used 10465K [0x0000000081200000, 0x0000000084400000, 0x00000000d5b80000)
  object space 51200K, 20% used [0x0000000081200000,0x0000000081c386d8,0x0000000084400000)
 Metaspace       used 33588K, capacity 35316K, committed 35416K, reserved 1079296K
  class space    used 4322K, capacity 4650K, committed 4736K, reserved 1048576K
Event: 13.843 GC heap after
Heap after GC invocations=11 (full 2):
 PSYoungGen      total 198144K, used 0K [0x00000000d5b80000, 0x00000000e7700000, 0x0000000100000000)
  eden space 186880K, 0% used [0x00000000d5b80000,0x00000000d5b80000,0x00000000e1200000)
  from space 11264K, 0% used [0x00000000e1200000,0x00000000e1200000,0x00000000e1d00000)
  to   space 12288K, 0% used [0x00000000e6b00000,0x00000000e6b00000,0x00000000e7700000)
 ParOldGen       total 79360K, used 14470K [0x0000000081200000, 0x0000000085f80000, 0x00000000d5b80000)
  object space 79360K, 18% used [0x0000000081200000,0x0000000082021ac0,0x0000000085f80000)
 Metaspace       used 33588K, capacity 35316K, committed 35416K, reserved 1079296K
  class space    used 4322K, capacity 4650K, committed 4736K, reserved 1048576K
}
Event: 18.935 GC heap before
{Heap before GC invocations=12 (full 2):
 PSYoungGen      total 198144K, used 186880K [0x00000000d5b80000, 0x00000000e7700000, 0x0000000100000000)
  eden space 186880K, 100% used [0x00000000d5b80000,0x00000000e1200000,0x00000000e1200000)
  from space 11264K, 0% used [0x00000000e1200000,0x00000000e1200000,0x00000000e1d00000)
  to   space 12288K, 0% used [0x00000000e6b00000,0x00000000e6b00000,0x00000000e7700000)
 ParOldGen       total 79360K, used 14470K [0x0000000081200000, 0x0000000085f80000, 0x00000000d5b80000)
  object space 79360K, 18% used [0x0000000081200000,0x0000000082021ac0,0x0000000085f80000)
 Metaspace       used 43546K, capacity 45796K, committed 46040K, reserved 1089536K
  class space    used 5906K, capacity 6326K, committed 6400K, reserved 1048576K
Event: 18.954 GC heap after
Heap after GC invocations=12 (full 2):
 PSYoungGen      total 258560K, used 12285K [0x00000000d5b80000, 0x00000000e7700000, 0x0000000100000000)
  eden space 246272K, 0% used [0x00000000d5b80000,0x00000000d5b80000,0x00000000e4c00000)
  from space 12288K, 99% used [0x00000000e6b00000,0x00000000e76ff6a8,0x00000000e7700000)
  to   space 14848K, 0% used [0x00000000e5a00000,0x00000000e5a00000,0x00000000e6880000)
 ParOldGen       total 79360K, used 17369K [0x0000000081200000, 0x0000000085f80000, 0x00000000d5b80000)
  object space 79360K, 21% used [0x0000000081200000,0x00000000822f67e0,0x0000000085f80000)
 Metaspace       used 43546K, capacity 45796K, committed 46040K, reserved 1089536K
  class space    used 5906K, capacity 6326K, committed 6400K, reserved 1048576K
}

