# JRE version: Java(TM) SE Runtime Environment (8.0_181-b13) (build 1.8.0_181-b13)
# Java VM: Java HotSpot(TM) 64-Bit Server VM (25.181-b13 mixed mode windows-amd64 compressed oops)
Heap:
 PSYoungGen      total 90624K, used 60099K [0x00000000d5b80000, 0x00000000dbd00000, 0x0000000100000000)
  eden space 82432K, 65% used [0x00000000d5b80000,0x00000000d908e4c8,0x00000000dac00000)
  from space 8192K, 70% used [0x00000000db480000,0x00000000dba228b8,0x00000000dbc80000)
  to   space 8704K, 0% used [0x00000000dac00000,0x00000000dac00000,0x00000000db480000)
 ParOldGen       total 50688K, used 14960K [0x0000000081200000, 0x0000000084380000, 0x00000000d5b80000)
  object space 50688K, 29% used [0x0000000081200000,0x000000008209c288,0x0000000084380000)
 Metaspace       used 45502K, capacity 47957K, committed 48128K, reserved 1091584K
  class space    used 6183K, capacity 6613K, committed 6656K, reserved 1048576K
GC Heap History (10 events):
Event: 54.523 GC heap before
{Heap before GC invocations=18 (full 1):
 PSYoungGen      total 52736K, used 5938K [0x00000000d5b80000, 0x00000000d9700000, 0x0000000100000000)
  eden space 44544K, 7% used [0x00000000d5b80000,0x00000000d5ef4e40,0x00000000d8700000)
  from space 8192K, 29% used [0x00000000d8f00000,0x00000000d9157ac0,0x00000000d9700000)
  to   space 8192K, 0% used [0x00000000d8700000,0x00000000d8700000,0x00000000d8f00000)
 ParOldGen       total 40960K, used 14692K [0x0000000081200000, 0x0000000083a00000, 0x00000000d5b80000)
  object space 40960K, 35% used [0x0000000081200000,0x00000000820592a8,0x0000000083a00000)
 Metaspace       used 33533K, capacity 35333K, committed 35416K, reserved 1079296K
  class space    used 4316K, capacity 4653K, committed 4736K, reserved 1048576K
Event: 54.531 GC heap after
Heap after GC invocations=18 (full 1):
 PSYoungGen      total 52736K, used 352K [0x00000000d5b80000, 0x00000000da780000, 0x0000000100000000)
  eden space 44544K, 0% used [0x00000000d5b80000,0x00000000d5b80000,0x00000000d8700000)
  from space 8192K, 4% used [0x00000000d8700000,0x00000000d8758028,0x00000000d8f00000)
  to   space 8192K, 0% used [0x00000000d9f80000,0x00000000d9f80000,0x00000000da780000)
 ParOldGen       total 40960K, used 15586K [0x0000000081200000, 0x0000000083a00000, 0x00000000d5b80000)
  object space 40960K, 38% used [0x0000000081200000,0x00000000821388d0,0x0000000083a00000)
 Metaspace       used 33533K, capacity 35333K, committed 35416K, reserved 1079296K
  class space    used 4316K, capacity 4653K, committed 4736K, reserved 1048576K
}
Event: 54.531 GC heap before
{Heap before GC invocations=19 (full 2):
 PSYoungGen      total 52736K, used 352K [0x00000000d5b80000, 0x00000000da780000, 0x0000000100000000)
  eden space 44544K, 0% used [0x00000000d5b80000,0x00000000d5b80000,0x00000000d8700000)
  from space 8192K, 4% used [0x00000000d8700000,0x00000000d8758028,0x00000000d8f00000)
  to   space 8192K, 0% used [0x00000000d9f80000,0x00000000d9f80000,0x00000000da780000)
 ParOldGen       total 40960K, used 15586K [0x0000000081200000, 0x0000000083a00000, 0x00000000d5b80000)
  object space 40960K, 38% used [0x0000000081200000,0x00000000821388d0,0x0000000083a00000)
 Metaspace       used 33533K, capacity 35333K, committed 35416K, reserved 1079296K
  class space    used 4316K, capacity 4653K, committed 4736K, reserved 1048576K
Event: 54.633 GC heap after
Heap after GC invocations=19 (full 2):
 PSYoungGen      total 52736K, used 0K [0x00000000d5b80000, 0x00000000da780000, 0x0000000100000000)
  eden space 44544K, 0% used [0x00000000d5b80000,0x00000000d5b80000,0x00000000d8700000)
  from space 8192K, 0% used [0x00000000d8700000,0x00000000d8700000,0x00000000d8f00000)
  to   space 8192K, 0% used [0x00000000d9f80000,0x00000000d9f80000,0x00000000da780000)
 ParOldGen       total 50688K, used 12759K [0x0000000081200000, 0x0000000084380000, 0x00000000d5b80000)
  object space 50688K, 25% used [0x0000000081200000,0x0000000081e75fe0,0x0000000084380000)
 Metaspace       used 33533K, capacity 35333K, committed 35416K, reserved 1079296K
  class space    used 4316K, capacity 4653K, committed 4736K, reserved 1048576K
}
Event: 57.581 GC heap before
{Heap before GC invocations=20 (full 2):
 PSYoungGen      total 52736K, used 44544K [0x00000000d5b80000, 0x00000000da780000, 0x0000000100000000)
  eden space 44544K, 100% used [0x00000000d5b80000,0x00000000d8700000,0x00000000d8700000)
  from space 8192K, 0% used [0x00000000d8700000,0x00000000d8700000,0x00000000d8f00000)
  to   space 8192K, 0% used [0x00000000d9f80000,0x00000000d9f80000,0x00000000da780000)
 ParOldGen       total 50688K, used 12759K [0x0000000081200000, 0x0000000084380000, 0x00000000d5b80000)
  object space 50688K, 25% used [0x0000000081200000,0x0000000081e75fe0,0x0000000084380000)
 Metaspace       used 34572K, capacity 36485K, committed 36608K, reserved 1081344K
  class space    used 4483K, capacity 4847K, committed 4864K, reserved 1048576K
Event: 57.598 GC heap after
Heap after GC invocations=20 (full 2):
 PSYoungGen      total 68608K, used 4095K [0x00000000d5b80000, 0x00000000da700000, 0x0000000100000000)
  eden space 60928K, 0% used [0x00000000d5b80000,0x00000000d5b80000,0x00000000d9700000)
  from space 7680K, 53% used [0x00000000d9f80000,0x00000000da37fc40,0x00000000da700000)
  to   space 8192K, 0% used [0x00000000d9700000,0x00000000d9700000,0x00000000d9f00000)
 ParOldGen       total 50688K, used 12767K [0x0000000081200000, 0x0000000084380000, 0x00000000d5b80000)
  object space 50688K, 25% used [0x0000000081200000,0x0000000081e77fe0,0x0000000084380000)
 Metaspace       used 34572K, capacity 36485K, committed 36608K, reserved 1081344K
  class space    used 4483K, capacity 4847K, committed 4864K, reserved 1048576K
}
Event: 62.381 GC heap before
{Heap before GC invocations=21 (full 2):
 PSYoungGen      total 68608K, used 65023K [0x00000000d5b80000, 0x00000000da700000, 0x0000000100000000)
  eden space 60928K, 100% used [0x00000000d5b80000,0x00000000d9700000,0x00000000d9700000)
  from space 7680K, 53% used [0x00000000d9f80000,0x00000000da37fc40,0x00000000da700000)
  to   space 8192K, 0% used [0x00000000d9700000,0x00000000d9700000,0x00000000d9f00000)
 ParOldGen       total 50688K, used 12767K [0x0000000081200000, 0x0000000084380000, 0x00000000d5b80000)
  object space 50688K, 25% used [0x0000000081200000,0x0000000081e77fe0,0x0000000084380000)
 Metaspace       used 38195K, capacity 40125K, committed 40192K, reserved 1083392K
  class space    used 5018K, capacity 5373K, committed 5376K, reserved 1048576K
Event: 62.396 GC heap after
Heap after GC invocations=21 (full 2):
 PSYoungGen      total 69120K, used 4249K [0x00000000d5b80000, 0x00000000dbc80000, 0x0000000100000000)
  eden space 60928K, 0% used [0x00000000d5b80000,0x00000000d5b80000,0x00000000d9700000)
  from space 8192K, 51% used [0x00000000d9700000,0x00000000d9b26438,0x00000000d9f00000)
  to   space 8192K, 0% used [0x00000000db480000,0x00000000db480000,0x00000000dbc80000)
 ParOldGen       total 50688K, used 13668K [0x0000000081200000, 0x0000000084380000, 0x00000000d5b80000)
  object space 50688K, 26% used [0x0000000081200000,0x0000000081f59278,0x0000000084380000)
 Metaspace       used 38195K, capacity 40125K, committed 40192K, reserved 1083392K
  class space    used 5018K, capacity 5373K, committed 5376K, reserved 1048576K
}
Event: 66.774 GC heap before
{Heap before GC invocations=22 (full 2):
 PSYoungGen      total 69120K, used 65177K [0x00000000d5b80000, 0x00000000dbc80000, 0x0000000100000000)
  eden space 60928K, 100% used [0x00000000d5b80000,0x00000000d9700000,0x00000000d9700000)
  from space 8192K, 51% used [0x00000000d9700000,0x00000000d9b26438,0x00000000d9f00000)
  to   space 8192K, 0% used [0x00000000db480000,0x00000000db480000,0x00000000dbc80000)
 ParOldGen       total 50688K, used 13668K [0x0000000081200000, 0x0000000084380000, 0x00000000d5b80000)
  object space 50688K, 26% used [0x0000000081200000,0x0000000081f59278,0x0000000084380000)
 Metaspace       used 42389K, capacity 44463K, committed 44672K, reserved 1087488K
  class space    used 5755K, capacity 6148K, committed 6272K, reserved 1048576K
Event: 66.783 GC heap after
Heap after GC invocations=22 (full 2):
 PSYoungGen      total 90624K, used 5770K [0x00000000d5b80000, 0x00000000dbd00000, 0x0000000100000000)
  eden space 82432K, 0% used [0x00000000d5b80000,0x00000000d5b80000,0x00000000dac00000)
  from space 8192K, 70% used [0x00000000db480000,0x00000000dba228b8,0x00000000dbc80000)
  to   space 8704K, 0% used [0x00000000dac00000,0x00000000dac00000,0x00000000db480000)
 ParOldGen       total 50688K, used 14960K [0x0000000081200000, 0x0000000084380000, 0x00000000d5b80000)
  object space 50688K, 29% used [0x0000000081200000,0x000000008209c288,0x0000000084380000)
 Metaspace       used 42389K, capacity 44463K, committed 44672K, reserved 1087488K
  class space    used 5755K, capacity 6148K, committed 6272K, reserved 1048576K
}

